Analysis & Synthesis report for Lab2_140L
Thu May 02 20:56:37 2019
Quartus Prime Version 18.1.0 Build 625 09/12/2018 SJ Lite Edition


---------------------
; Table of Contents ;
---------------------
  1. Legal Notice
  2. Analysis & Synthesis Summary
  3. Analysis & Synthesis Settings
  4. Parallel Compilation
  5. Analysis & Synthesis Source Files Read
  6. Analysis & Synthesis Resource Usage Summary
  7. Analysis & Synthesis Resource Utilization by Entity
  8. General Register Statistics
  9. Parameter Settings for User Entity Instance: sigDelay:s_d
 10. Analysis & Synthesis Messages



----------------
; Legal Notice ;
----------------
Copyright (C) 2018  Intel Corporation. All rights reserved.
Your use of Intel Corporation's design tools, logic functions 
and other software and tools, and its AMPP partner logic 
functions, and any output files from any of the foregoing 
(including device programming or simulation files), and any 
associated documentation or information are expressly subject 
to the terms and conditions of the Intel Program License 
Subscription Agreement, the Intel Quartus Prime License Agreement,
the Intel FPGA IP License Agreement, or other applicable license
agreement, including, without limitation, that your use is for
the sole purpose of programming logic devices manufactured by
Intel and sold by Intel or its authorized distributors.  Please
refer to the applicable agreement for further details.



+---------------------------------------------------------------------------+
; Analysis & Synthesis Summary                                              ;
+-----------------------------+---------------------------------------------+
; Analysis & Synthesis Status ; Successful - Thu May 02 20:56:37 2019       ;
; Quartus Prime Version       ; 18.1.0 Build 625 09/12/2018 SJ Lite Edition ;
; Revision Name               ; Lab2_140L                                   ;
; Top-level Entity Name       ; Lab2_140L                                   ;
; Family                      ; MAX V                                       ;
; Total logic elements        ; 16                                          ;
; Total pins                  ; 37                                          ;
; Total virtual pins          ; 0                                           ;
; UFM blocks                  ; 0 / 1 ( 0 % )                               ;
+-----------------------------+---------------------------------------------+


+------------------------------------------------------------------------------------------------------------+
; Analysis & Synthesis Settings                                                                              ;
+------------------------------------------------------------------+--------------------+--------------------+
; Option                                                           ; Setting            ; Default Value      ;
+------------------------------------------------------------------+--------------------+--------------------+
; Device                                                           ; 5M2210ZF324I5      ;                    ;
; Top-level entity name                                            ; Lab2_140L          ; Lab2_140L          ;
; Family name                                                      ; MAX V              ; Cyclone V          ;
; Use smart compilation                                            ; Off                ; Off                ;
; Enable parallel Assembler and Timing Analyzer during compilation ; On                 ; On                 ;
; Enable compact report table                                      ; Off                ; Off                ;
; Restructure Multiplexers                                         ; Auto               ; Auto               ;
; Create Debugging Nodes for IP Cores                              ; Off                ; Off                ;
; Preserve fewer node names                                        ; On                 ; On                 ;
; Intel FPGA IP Evaluation Mode                                    ; Enable             ; Enable             ;
; Verilog Version                                                  ; Verilog_2001       ; Verilog_2001       ;
; VHDL Version                                                     ; VHDL_1993          ; VHDL_1993          ;
; State Machine Processing                                         ; Auto               ; Auto               ;
; Safe State Machine                                               ; Off                ; Off                ;
; Extract Verilog State Machines                                   ; On                 ; On                 ;
; Extract VHDL State Machines                                      ; On                 ; On                 ;
; Ignore Verilog initial constructs                                ; Off                ; Off                ;
; Iteration limit for constant Verilog loops                       ; 5000               ; 5000               ;
; Iteration limit for non-constant Verilog loops                   ; 250                ; 250                ;
; Add Pass-Through Logic to Inferred RAMs                          ; On                 ; On                 ;
; Infer RAMs from Raw Logic                                        ; On                 ; On                 ;
; Parallel Synthesis                                               ; On                 ; On                 ;
; NOT Gate Push-Back                                               ; On                 ; On                 ;
; Power-Up Don't Care                                              ; On                 ; On                 ;
; Remove Redundant Logic Cells                                     ; Off                ; Off                ;
; Remove Duplicate Registers                                       ; On                 ; On                 ;
; Ignore CARRY Buffers                                             ; Off                ; Off                ;
; Ignore CASCADE Buffers                                           ; Off                ; Off                ;
; Ignore GLOBAL Buffers                                            ; Off                ; Off                ;
; Ignore ROW GLOBAL Buffers                                        ; Off                ; Off                ;
; Ignore LCELL Buffers                                             ; Off                ; Off                ;
; Ignore SOFT Buffers                                              ; On                 ; On                 ;
; Limit AHDL Integers to 32 Bits                                   ; Off                ; Off                ;
; Optimization Technique                                           ; Balanced           ; Balanced           ;
; Carry Chain Length                                               ; 70                 ; 70                 ;
; Auto Carry Chains                                                ; On                 ; On                 ;
; Auto Open-Drain Pins                                             ; On                 ; On                 ;
; Perform WYSIWYG Primitive Resynthesis                            ; Off                ; Off                ;
; Auto Shift Register Replacement                                  ; Auto               ; Auto               ;
; Allow Shift Register Merging across Hierarchies                  ; Auto               ; Auto               ;
; Auto Clock Enable Replacement                                    ; On                 ; On                 ;
; Allow Synchronous Control Signals                                ; On                 ; On                 ;
; Force Use of Synchronous Clear Signals                           ; Off                ; Off                ;
; Auto Resource Sharing                                            ; Off                ; Off                ;
; Use LogicLock Constraints during Resource Balancing              ; On                 ; On                 ;
; Ignore translate_off and synthesis_off directives                ; Off                ; Off                ;
; Report Parameter Settings                                        ; On                 ; On                 ;
; Report Source Assignments                                        ; On                 ; On                 ;
; Report Connectivity Checks                                       ; On                 ; On                 ;
; Ignore Maximum Fan-Out Assignments                               ; Off                ; Off                ;
; Synchronization Register Chain Length                            ; 2                  ; 2                  ;
; Power Optimization During Synthesis                              ; Normal compilation ; Normal compilation ;
; HDL message level                                                ; Level2             ; Level2             ;
; Suppress Register Optimization Related Messages                  ; Off                ; Off                ;
; Number of Removed Registers Reported in Synthesis Report         ; 5000               ; 5000               ;
; Number of Swept Nodes Reported in Synthesis Report               ; 5000               ; 5000               ;
; Number of Inverted Registers Reported in Synthesis Report        ; 100                ; 100                ;
; Clock MUX Protection                                             ; On                 ; On                 ;
; Block Design Naming                                              ; Auto               ; Auto               ;
; Synthesis Effort                                                 ; Auto               ; Auto               ;
; Shift Register Replacement - Allow Asynchronous Clear Signal     ; On                 ; On                 ;
; Analysis & Synthesis Message Level                               ; Medium             ; Medium             ;
; Disable Register Merging Across Hierarchies                      ; Auto               ; Auto               ;
+------------------------------------------------------------------+--------------------+--------------------+


Parallel compilation was disabled, but you have multiple processors available. Enable parallel compilation to reduce compilation time.
+-------------------------------------+
; Parallel Compilation                ;
+----------------------------+--------+
; Processors                 ; Number ;
+----------------------------+--------+
; Number detected on machine ; 2      ;
; Maximum allowed            ; 1      ;
+----------------------------+--------+


+-------------------------------------------------------------------------------------------------------------------------------------------+
; Analysis & Synthesis Source Files Read                                                                                                    ;
+----------------------------------+-----------------+------------------------+---------------------------------------------------+---------+
; File Name with User-Entered Path ; Used in Netlist ; File Type              ; File Name with Absolute Path                      ; Library ;
+----------------------------------+-----------------+------------------------+---------------------------------------------------+---------+
; Lab2_140L.v                      ; yes             ; User Verilog HDL File  ; D:/PhotonUser/Lab/junkai/cse140l/Lab2/Lab2_140L.v ;         ;
+----------------------------------+-----------------+------------------------+---------------------------------------------------+---------+


+-----------------------------------------------------------+
; Analysis & Synthesis Resource Usage Summary               ;
+---------------------------------------------+-------------+
; Resource                                    ; Usage       ;
+---------------------------------------------+-------------+
; Total logic elements                        ; 16          ;
;     -- Combinational with no register       ; 11          ;
;     -- Register only                        ; 0           ;
;     -- Combinational with a register        ; 5           ;
;                                             ;             ;
; Logic element usage by number of LUT inputs ;             ;
;     -- 4 input functions                    ; 7           ;
;     -- 3 input functions                    ; 2           ;
;     -- 2 input functions                    ; 7           ;
;     -- 1 input functions                    ; 0           ;
;     -- 0 input functions                    ; 0           ;
;                                             ;             ;
; Logic elements by mode                      ;             ;
;     -- normal mode                          ; 16          ;
;     -- arithmetic mode                      ; 0           ;
;     -- qfbk mode                            ; 0           ;
;     -- register cascade mode                ; 0           ;
;     -- synchronous clear/load mode          ; 0           ;
;     -- asynchronous clear/load mode         ; 0           ;
;                                             ;             ;
; Total registers                             ; 5           ;
; I/O pins                                    ; 37          ;
; Maximum fan-out node                        ; Gl_subtract ;
; Maximum fan-out                             ; 8           ;
; Total fan-out                               ; 65          ;
; Average fan-out                             ; 1.23        ;
+---------------------------------------------+-------------+


+-------------------------------------------------------------------------------------------------------------------------------------------------------------------------------------------------------------------------------------------+
; Analysis & Synthesis Resource Utilization by Entity                                                                                                                                                                                       ;
+----------------------------+-------------+--------------+------------+------+--------------+--------------+-------------------+------------------+-----------------+------------+----------------------------+-------------+--------------+
; Compilation Hierarchy Node ; Logic Cells ; LC Registers ; UFM Blocks ; Pins ; Virtual Pins ; LUT-Only LCs ; Register-Only LCs ; LUT/Register LCs ; Carry Chain LCs ; Packed LCs ; Full Hierarchy Name        ; Entity Name ; Library Name ;
+----------------------------+-------------+--------------+------------+------+--------------+--------------+-------------------+------------------+-----------------+------------+----------------------------+-------------+--------------+
; |Lab2_140L                 ; 16 (3)      ; 5            ; 0          ; 37   ; 0            ; 11 (3)       ; 0 (0)             ; 5 (0)            ; 0 (0)           ; 0 (0)      ; |Lab2_140L                 ; Lab2_140L   ; work         ;
;    |Full_Adder:bit1|       ; 3 (3)       ; 0            ; 0          ; 0    ; 0            ; 3 (3)        ; 0 (0)             ; 0 (0)            ; 0 (0)           ; 0 (0)      ; |Lab2_140L|Full_Adder:bit1 ; Full_Adder  ; work         ;
;    |Full_Adder:bit2|       ; 2 (2)       ; 0            ; 0          ; 0    ; 0            ; 2 (2)        ; 0 (0)             ; 0 (0)            ; 0 (0)           ; 0 (0)      ; |Lab2_140L|Full_Adder:bit2 ; Full_Adder  ; work         ;
;    |Full_Adder:bit3|       ; 2 (2)       ; 0            ; 0          ; 0    ; 0            ; 2 (2)        ; 0 (0)             ; 0 (0)            ; 0 (0)           ; 0 (0)      ; |Lab2_140L|Full_Adder:bit3 ; Full_Adder  ; work         ;
;    |Full_Adder:bit4|       ; 1 (1)       ; 0            ; 0          ; 0    ; 0            ; 1 (1)        ; 0 (0)             ; 0 (0)            ; 0 (0)           ; 0 (0)      ; |Lab2_140L|Full_Adder:bit4 ; Full_Adder  ; work         ;
;    |sigDelay:s_d|          ; 5 (5)       ; 5            ; 0          ; 0    ; 0            ; 0 (0)        ; 0 (0)             ; 5 (5)            ; 0 (0)           ; 0 (0)      ; |Lab2_140L|sigDelay:s_d    ; sigDelay    ; work         ;
+----------------------------+-------------+--------------+------------+------+--------------+--------------+-------------------+------------------+-----------------+------------+----------------------------+-------------+--------------+
Note: For table entries with two numbers listed, the numbers in parentheses indicate the number of resources of the given type used by the specific entity alone. The numbers listed outside of parentheses indicate the total resources of the given type used by the specific entity and all of its sub-entities in the hierarchy.


+------------------------------------------------------+
; General Register Statistics                          ;
+----------------------------------------------+-------+
; Statistic                                    ; Value ;
+----------------------------------------------+-------+
; Total registers                              ; 5     ;
; Number of registers using Synchronous Clear  ; 0     ;
; Number of registers using Synchronous Load   ; 0     ;
; Number of registers using Asynchronous Clear ; 0     ;
; Number of registers using Asynchronous Load  ; 0     ;
; Number of registers using Clock Enable       ; 0     ;
; Number of registers using Preset             ; 0     ;
+----------------------------------------------+-------+


+-----------------------------------------------------------+
; Parameter Settings for User Entity Instance: sigDelay:s_d ;
+----------------+-------+----------------------------------+
; Parameter Name ; Value ; Type                             ;
+----------------+-------+----------------------------------+
; delayVal       ; 4     ; Signed Integer                   ;
+----------------+-------+----------------------------------+
Note: In order to hide this table in the UI and the text report file, please set the "Show Parameter Settings in Synthesis Report" option in "Analysis and Synthesis Settings -> More Settings" to "Off".


+-------------------------------+
; Analysis & Synthesis Messages ;
+-------------------------------+
Info: *******************************************************************
Info: Running Quartus Prime Analysis & Synthesis
    Info: Version 18.1.0 Build 625 09/12/2018 SJ Lite Edition
    Info: Processing started: Thu May 02 20:56:14 2019
Info: Command: quartus_map --read_settings_files=on --write_settings_files=off Lab2_140L -c Lab2_140L
Warning (18236): Number of processors has not been specified which may cause overloading on shared machines.  Set the global assignment NUM_PARALLEL_PROCESSORS in your QSF to an appropriate value for best performance.
Info (20029): Only one processor detected - disabling parallel compilation
Info (12021): Found 1 design units, including 1 entities, in source file top_sft.v
    Info (12023): Found entity 1: top_sft File: D:/PhotonUser/Lab/junkai/cse140l/Lab2/top_sft.v Line: 28
Info (12021): Found 1 design units, including 1 entities, in source file tb_sft.v
    Info (12023): Found entity 1: tb_sft File: D:/PhotonUser/Lab/junkai/cse140l/Lab2/tb_sft.v Line: 37
Info (12021): Found 4 design units, including 4 entities, in source file latticehx1k.v
    Info (12023): Found entity 1: decodeKeys File: D:/PhotonUser/Lab/junkai/cse140l/Lab2/latticehx1k.v Line: 47
    Info (12023): Found entity 2: gl_fsm File: D:/PhotonUser/Lab/junkai/cse140l/Lab2/latticehx1k.v Line: 103
    Info (12023): Found entity 3: Glue_Lab2 File: D:/PhotonUser/Lab/junkai/cse140l/Lab2/latticehx1k.v Line: 199
    Info (12023): Found entity 4: latticehx1k File: D:/PhotonUser/Lab/junkai/cse140l/Lab2/latticehx1k.v Line: 342
Info (12021): Found 3 design units, including 3 entities, in source file lab2_140l.v
    Info (12023): Found entity 1: Lab2_140L File: D:/PhotonUser/Lab/junkai/cse140l/Lab2/Lab2_140L.v Line: 20
    Info (12023): Found entity 2: sigDelay File: D:/PhotonUser/Lab/junkai/cse140l/Lab2/Lab2_140L.v Line: 114
    Info (12023): Found entity 3: Full_Adder File: D:/PhotonUser/Lab/junkai/cse140l/Lab2/Lab2_140L.v Line: 140
Info (12021): Found 1 design units, including 1 entities, in source file fake_pll.v
    Info (12023): Found entity 1: fake_pll File: D:/PhotonUser/Lab/junkai/cse140l/Lab2/fake_pll.v Line: 26
Info (12021): Found 1 design units, including 1 entities, in source file fake_buart.v
    Info (12023): Found entity 1: fake_buart File: D:/PhotonUser/Lab/junkai/cse140l/Lab2/fake_buart.v Line: 30
Info (12127): Elaborating entity "Lab2_140L" for the top level hierarchy
Warning (10034): Output port "L2_led[7..5]" at Lab2_140L.v(30) has no driver File: D:/PhotonUser/Lab/junkai/cse140l/Lab2/Lab2_140L.v Line: 30
Info (12128): Elaborating entity "sigDelay" for hierarchy "sigDelay:s_d" File: D:/PhotonUser/Lab/junkai/cse140l/Lab2/Lab2_140L.v Line: 37
Info (12128): Elaborating entity "Full_Adder" for hierarchy "Full_Adder:bit1" File: D:/PhotonUser/Lab/junkai/cse140l/Lab2/Lab2_140L.v Line: 50
Warning (13024): Output pins are stuck at VCC or GND
    Warning (13410): Pin "L2_adder_data[4]" is stuck at VCC File: D:/PhotonUser/Lab/junkai/cse140l/Lab2/Lab2_140L.v Line: 27
    Warning (13410): Pin "L2_adder_data[7]" is stuck at GND File: D:/PhotonUser/Lab/junkai/cse140l/Lab2/Lab2_140L.v Line: 27
    Warning (13410): Pin "L2_led[5]" is stuck at GND File: D:/PhotonUser/Lab/junkai/cse140l/Lab2/Lab2_140L.v Line: 30
    Warning (13410): Pin "L2_led[6]" is stuck at GND File: D:/PhotonUser/Lab/junkai/cse140l/Lab2/Lab2_140L.v Line: 30
    Warning (13410): Pin "L2_led[7]" is stuck at GND File: D:/PhotonUser/Lab/junkai/cse140l/Lab2/Lab2_140L.v Line: 30
Warning (21074): Design contains 8 input pin(s) that do not drive logic
    Warning (15610): No output dependent on input pin "Gl_r1[4]" File: D:/PhotonUser/Lab/junkai/cse140l/Lab2/Lab2_140L.v Line: 25
    Warning (15610): No output dependent on input pin "Gl_r1[5]" File: D:/PhotonUser/Lab/junkai/cse140l/Lab2/Lab2_140L.v Line: 25
    Warning (15610): No output dependent on input pin "Gl_r1[6]" File: D:/PhotonUser/Lab/junkai/cse140l/Lab2/Lab2_140L.v Line: 25
    Warning (15610): No output dependent on input pin "Gl_r1[7]" File: D:/PhotonUser/Lab/junkai/cse140l/Lab2/Lab2_140L.v Line: 25
    Warning (15610): No output dependent on input pin "Gl_r2[4]" File: D:/PhotonUser/Lab/junkai/cse140l/Lab2/Lab2_140L.v Line: 26
    Warning (15610): No output dependent on input pin "Gl_r2[5]" File: D:/PhotonUser/Lab/junkai/cse140l/Lab2/Lab2_140L.v Line: 26
    Warning (15610): No output dependent on input pin "Gl_r2[6]" File: D:/PhotonUser/Lab/junkai/cse140l/Lab2/Lab2_140L.v Line: 26
    Warning (15610): No output dependent on input pin "Gl_r2[7]" File: D:/PhotonUser/Lab/junkai/cse140l/Lab2/Lab2_140L.v Line: 26
Info (21057): Implemented 53 device resources after synthesis - the final resource count might be different
    Info (21058): Implemented 20 input pins
    Info (21059): Implemented 17 output pins
    Info (21061): Implemented 16 logic cells
Info: Quartus Prime Analysis & Synthesis was successful. 0 errors, 17 warnings
    Info: Peak virtual memory: 556 megabytes
    Info: Processing ended: Thu May 02 20:56:37 2019
    Info: Elapsed time: 00:00:23
    Info: Total CPU time (on all processors): 00:00:37


